<?xml version="1.0" encoding="UTF-8"?>
<!-- Generated by org.testng.reporters.JUnitXMLReporter -->
<testsuite ignored="0" hostname="dhasa" failures="0" tests="4" name="Test" time="27.633" errors="0" timestamp="2022-05-01T20:33:01 IST">
  <testcase classname="com.saucedemo.testCases.TC_Login_001" name="loginTest" time="0.812"/>
  <testcase classname="com.saucedemo.testCases.TC_Login_001" name="loginTest" time="0.402"/>
  <testcase classname="com.saucedemo.testCases.TC_Login_001" name="loginTest" time="0.313"/>
  <testcase classname="com.saucedemo.testCases.TC_AddProductToCart_003" name="AddProductToCart" time="12.419"/>
</testsuite> <!-- Test -->
