-------------------------------------------------------------------------------
Test set: TestSuite
-------------------------------------------------------------------------------
Tests run: 4, Failures: 1, Errors: 0, Skipped: 0, Time elapsed: 36.875 sec <<< FAILURE! - in TestSuite
loginTest(com.saucedemo.testCases.TC_Login_001)  Time elapsed: 10.664 sec  <<< FAILURE!
java.lang.AssertionError: expected [true] but found [false]
	at com.saucedemo.testCases.TC_Login_001.loginTest(TC_Login_001.java:42)

