<?xml version="1.0" encoding="UTF-8"?>
<testng-results ignored="0" total="4" passed="4" failed="0" skipped="0">
  <reporter-output>
  </reporter-output>
  <suite started-at="2022-05-01T20:32:33 IST" name="Suite" finished-at="2022-05-01T20:33:01 IST" duration-ms="27633">
    <groups>
    </groups>
    <test started-at="2022-05-01T20:32:33 IST" name="Test" finished-at="2022-05-01T20:33:01 IST" duration-ms="27633">
      <class name="com.saucedemo.testCases.TC_AddProductToCart_003">
        <test-method is-config="true" signature="setup()[pri:0, instance:com.saucedemo.testCases.TC_AddProductToCart_003@5876a9af]" started-at="2022-05-01T20:32:45 IST" name="setup" finished-at="2022-05-01T20:32:48 IST" duration-ms="3155" status="PASS">
          <reporter-output>
          </reporter-output>
        </test-method> <!-- setup -->
        <test-method signature="AddProductToCart()[pri:0, instance:com.saucedemo.testCases.TC_AddProductToCart_003@5876a9af]" started-at="2022-05-01T20:32:48 IST" name="AddProductToCart" finished-at="2022-05-01T20:33:01 IST" duration-ms="12419" status="PASS">
          <reporter-output>
          </reporter-output>
        </test-method> <!-- AddProductToCart -->
        <test-method is-config="true" signature="teardown()[pri:0, instance:com.saucedemo.testCases.TC_AddProductToCart_003@5876a9af]" started-at="2022-05-01T20:33:01 IST" name="teardown" finished-at="2022-05-01T20:33:01 IST" duration-ms="130" status="PASS">
          <reporter-output>
          </reporter-output>
        </test-method> <!-- teardown -->
      </class> <!-- com.saucedemo.testCases.TC_AddProductToCart_003 -->
      <class name="com.saucedemo.testCases.TC_Login_001">
        <test-method is-config="true" signature="setup()[pri:0, instance:com.saucedemo.testCases.TC_Login_001@4a94ee4]" started-at="2022-05-01T20:32:34 IST" name="setup" finished-at="2022-05-01T20:32:41 IST" duration-ms="6920" status="PASS">
          <reporter-output>
          </reporter-output>
        </test-method> <!-- setup -->
        <test-method signature="loginTest(java.lang.String,java.lang.String,java.lang.String)[pri:0, instance:com.saucedemo.testCases.TC_Login_001@4a94ee4]" started-at="2022-05-01T20:32:43 IST" name="loginTest" data-provider="loginData" finished-at="2022-05-01T20:32:44 IST" duration-ms="812" status="PASS">
          <params>
            <param index="0">
              <value>
                <![CDATA[standard_user]]>
              </value>
            </param>
            <param index="1">
              <value>
                <![CDATA[secret_sauce]]>
              </value>
            </param>
            <param index="2">
              <value>
                <![CDATA[valid]]>
              </value>
            </param>
          </params>
          <reporter-output>
          </reporter-output>
        </test-method> <!-- loginTest -->
        <test-method signature="loginTest(java.lang.String,java.lang.String,java.lang.String)[pri:0, instance:com.saucedemo.testCases.TC_Login_001@4a94ee4]" started-at="2022-05-01T20:32:44 IST" name="loginTest" data-provider="loginData" finished-at="2022-05-01T20:32:45 IST" duration-ms="402" status="PASS">
          <params>
            <param index="0">
              <value>
                <![CDATA[Wrong-user]]>
              </value>
            </param>
            <param index="1">
              <value>
                <![CDATA[secret_sauce]]>
              </value>
            </param>
            <param index="2">
              <value>
                <![CDATA[invalid]]>
              </value>
            </param>
          </params>
          <reporter-output>
          </reporter-output>
        </test-method> <!-- loginTest -->
        <test-method signature="loginTest(java.lang.String,java.lang.String,java.lang.String)[pri:0, instance:com.saucedemo.testCases.TC_Login_001@4a94ee4]" started-at="2022-05-01T20:32:45 IST" name="loginTest" data-provider="loginData" finished-at="2022-05-01T20:32:45 IST" duration-ms="313" status="PASS">
          <params>
            <param index="0">
              <value>
                <![CDATA[standard_user]]>
              </value>
            </param>
            <param index="1">
              <value>
                <![CDATA[Wrong_pwd]]>
              </value>
            </param>
            <param index="2">
              <value>
                <![CDATA[invalid]]>
              </value>
            </param>
          </params>
          <reporter-output>
          </reporter-output>
        </test-method> <!-- loginTest -->
        <test-method is-config="true" signature="teardown()[pri:0, instance:com.saucedemo.testCases.TC_Login_001@4a94ee4]" started-at="2022-05-01T20:32:45 IST" name="teardown" finished-at="2022-05-01T20:32:45 IST" duration-ms="156" status="PASS">
          <reporter-output>
          </reporter-output>
        </test-method> <!-- teardown -->
      </class> <!-- com.saucedemo.testCases.TC_Login_001 -->
    </test> <!-- Test -->
  </suite> <!-- Suite -->
</testng-results>
